android/app/build/intermediates/manifest_merge_blame_file/debug/manifest-merger-blame-debug-report.txt
1<?xml version="1.0" encoding="utf-8"?>
2<manifest xmlns:android="http://schemas.android.com/apk/res/android"
3    package="com.bcae_app"
4    android:versionCode="2"
5    android:versionName="1.0" >
6
7    <uses-sdk
8        android:minSdkVersion="21"
9        android:targetSdkVersion="31" />
10
11    <uses-permission android:name="android.permission.SYSTEM_ALERT_WINDOW" />
11-->src/debug/AndroidManifest.xml:5:5-77
11-->src/debug/AndroidManifest.xml:5:22-75
12    <uses-permission android:name="android.permission.INTERNET" />
12-->src/main/AndroidManifest.xml:4:5-67
12-->src/main/AndroidManifest.xml:4:22-64
13    <uses-permission android:name="android.permission.ACCESS_FINE_LOCATION" />
13-->src/main/AndroidManifest.xml:5:5-79
13-->src/main/AndroidManifest.xml:5:22-76
14    <uses-permission android:name="android.permission.ACCESS_COARSE_LOCATION" />
14-->src/main/AndroidManifest.xml:6:5-81
14-->src/main/AndroidManifest.xml:6:22-78
15    <uses-permission android:name="android.permission.WRITE_EXTERNAL_STORAGE" />
15-->src/main/AndroidManifest.xml:7:5-80
15-->src/main/AndroidManifest.xml:7:22-78
16
17    <queries>
17-->src/main/AndroidManifest.xml:36:3-42:13
18        <intent>
18-->src/main/AndroidManifest.xml:37:3-41:14
19            <action android:name="android.intent.action.VIEW" />
19-->src/main/AndroidManifest.xml:38:5-57
19-->src/main/AndroidManifest.xml:38:13-54
20            <!-- If you don't know the MIME type in advance, set "mimeType" to "*/*". -->
21            <data android:mimeType="*/*" />
21-->src/main/AndroidManifest.xml:40:7-37
21-->src/main/AndroidManifest.xml:40:13-35
22        </intent>
23        <!-- Needs to be explicitly declared on Android R+ -->
24        <package android:name="com.google.android.apps.maps" />
24-->[com.google.android.gms:play-services-maps:18.0.2] AndroidManifest.xml:33:9-64
24-->[com.google.android.gms:play-services-maps:18.0.2] AndroidManifest.xml:33:18-61
25    </queries>
26
27    <uses-permission android:name="android.permission.ACCESS_WIFI_STATE" />
27-->[com.facebook.flipper:flipper:0.125.0] AndroidManifest.xml:16:5-76
27-->[com.facebook.flipper:flipper:0.125.0] AndroidManifest.xml:16:22-73
28    <uses-permission android:name="android.permission.WAKE_LOCK" />
28-->[:react-native-firebase_messaging] AndroidManifest.xml:10:5-68
28-->[:react-native-firebase_messaging] AndroidManifest.xml:10:22-65
29    <uses-permission android:name="android.permission.ACCESS_NETWORK_STATE" /> <!-- Required to access Google Play Licensing -->
29-->[:react-native-firebase_messaging] AndroidManifest.xml:11:5-79
29-->[:react-native-firebase_messaging] AndroidManifest.xml:11:22-76
30    <uses-permission android:name="com.android.vending.CHECK_LICENSE" />
30-->[:rn-fetch-blob] AndroidManifest.xml:10:5-73
30-->[:rn-fetch-blob] AndroidManifest.xml:10:22-70
31    <uses-permission android:name="android.permission.RECEIVE_BOOT_COMPLETED" />
31-->[androidx.work:work-runtime:2.7.1] AndroidManifest.xml:27:5-81
31-->[androidx.work:work-runtime:2.7.1] AndroidManifest.xml:27:22-78
32    <uses-permission android:name="android.permission.FOREGROUND_SERVICE" />
32-->[androidx.work:work-runtime:2.7.1] AndroidManifest.xml:28:5-77
32-->[androidx.work:work-runtime:2.7.1] AndroidManifest.xml:28:22-74
33    <uses-permission android:name="android.permission.POST_NOTIFICATIONS" /> <!-- Required by older versions of Google Play services to create IID tokens -->
33-->[com.google.firebase:firebase-messaging:23.0.8] AndroidManifest.xml:26:5-77
33-->[com.google.firebase:firebase-messaging:23.0.8] AndroidManifest.xml:26:22-74
34    <uses-permission android:name="com.google.android.c2dm.permission.RECEIVE" />
34-->[com.google.firebase:firebase-messaging:23.0.8] AndroidManifest.xml:29:5-82
34-->[com.google.firebase:firebase-messaging:23.0.8] AndroidManifest.xml:29:22-79
35
36    <uses-feature
36-->[com.google.android.gms:play-services-maps:18.0.2] AndroidManifest.xml:26:5-28:35
37        android:glEsVersion="0x00020000"
37-->[com.google.android.gms:play-services-maps:18.0.2] AndroidManifest.xml:27:9-41
38        android:required="true" />
38-->[com.google.android.gms:play-services-maps:18.0.2] AndroidManifest.xml:28:9-32
39
40    <uses-permission android:name="com.google.android.gms.permission.AD_ID" />
40-->[com.google.android.gms:play-services-measurement-api:21.1.1] AndroidManifest.xml:25:5-79
40-->[com.google.android.gms:play-services-measurement-api:21.1.1] AndroidManifest.xml:25:22-76
41    <uses-permission android:name="com.google.android.finsky.permission.BIND_GET_INSTALL_REFERRER_SERVICE" />
41-->[com.google.android.gms:play-services-measurement:21.1.1] AndroidManifest.xml:26:5-110
41-->[com.google.android.gms:play-services-measurement:21.1.1] AndroidManifest.xml:26:22-107
42
43    <application
43-->src/main/AndroidManifest.xml:9:5-34:19
44        android:name="com.bcae_app.MainApplication"
44-->src/main/AndroidManifest.xml:10:7-38
45        android:allowBackup="false"
45-->src/main/AndroidManifest.xml:14:7-34
46        android:appComponentFactory="androidx.core.app.CoreComponentFactory"
46-->[androidx.core:core:1.7.0] AndroidManifest.xml:24:18-86
47        android:debuggable="true"
48        android:icon="@mipmap/bcae_logo"
48-->src/main/AndroidManifest.xml:12:7-39
49        android:label="@string/app_name"
49-->src/main/AndroidManifest.xml:11:7-39
50        android:roundIcon="@mipmap/bcae_logo"
50-->src/main/AndroidManifest.xml:13:7-44
51        android:theme="@style/AppTheme"
51-->src/main/AndroidManifest.xml:15:7-38
52        android:usesCleartextTraffic="true" >
52-->src/debug/AndroidManifest.xml:8:9-44
53        <activity
53-->src/debug/AndroidManifest.xml:11:9-111
54            android:name="com.facebook.react.devsupport.DevSettingsActivity"
54-->src/debug/AndroidManifest.xml:11:19-83
55            android:exported="false" />
55-->src/debug/AndroidManifest.xml:11:84-108
56
57        <meta-data
57-->src/main/AndroidManifest.xml:17:9-19:70
58            android:name="com.google.android.geo.API_KEY"
58-->src/main/AndroidManifest.xml:18:13-58
59            android:value="AIzaSyC2jf1PLD2duwbbwsBDPcbX79fRFLF0nEo" />
59-->src/main/AndroidManifest.xml:19:13-68
60
61        <activity
61-->src/main/AndroidManifest.xml:21:7-33:18
62            android:name="com.bcae_app.MainActivity"
62-->src/main/AndroidManifest.xml:22:9-37
63            android:configChanges="keyboard|keyboardHidden|orientation|screenLayout|screenSize|smallestScreenSize|uiMode"
63-->src/main/AndroidManifest.xml:25:9-118
64            android:exported="true"
64-->src/main/AndroidManifest.xml:28:9-32
65            android:label="@string/app_name"
65-->src/main/AndroidManifest.xml:23:9-41
66            android:launchMode="singleTask"
66-->src/main/AndroidManifest.xml:26:9-40
67            android:screenOrientation="portrait"
67-->src/main/AndroidManifest.xml:24:9-45
68            android:windowSoftInputMode="adjustResize" >
68-->src/main/AndroidManifest.xml:27:9-51
69            <intent-filter>
69-->src/main/AndroidManifest.xml:29:9-32:25
70                <action android:name="android.intent.action.MAIN" />
70-->src/main/AndroidManifest.xml:30:13-65
70-->src/main/AndroidManifest.xml:30:21-62
71
72                <category android:name="android.intent.category.LAUNCHER" />
72-->src/main/AndroidManifest.xml:31:13-73
72-->src/main/AndroidManifest.xml:31:23-70
73            </intent-filter>
74        </activity>
75
76        <service
76-->[:react-native-firebase_messaging] AndroidManifest.xml:14:9-16:40
77            android:name="io.invertase.firebase.messaging.ReactNativeFirebaseMessagingHeadlessService"
77-->[:react-native-firebase_messaging] AndroidManifest.xml:15:13-103
78            android:exported="false" />
78-->[:react-native-firebase_messaging] AndroidManifest.xml:16:13-37
79        <service
79-->[:react-native-firebase_messaging] AndroidManifest.xml:17:9-23:19
80            android:name="io.invertase.firebase.messaging.ReactNativeFirebaseMessagingService"
80-->[:react-native-firebase_messaging] AndroidManifest.xml:18:13-95
81            android:exported="false" >
81-->[:react-native-firebase_messaging] AndroidManifest.xml:19:13-37
82            <intent-filter>
82-->[:react-native-firebase_messaging] AndroidManifest.xml:20:13-22:29
83                <action android:name="com.google.firebase.MESSAGING_EVENT" />
83-->[:react-native-firebase_messaging] AndroidManifest.xml:21:17-78
83-->[:react-native-firebase_messaging] AndroidManifest.xml:21:25-75
84            </intent-filter>
85        </service>
86
87        <receiver
87-->[:react-native-firebase_messaging] AndroidManifest.xml:25:9-32:20
88            android:name="io.invertase.firebase.messaging.ReactNativeFirebaseMessagingReceiver"
88-->[:react-native-firebase_messaging] AndroidManifest.xml:26:13-96
89            android:exported="true"
89-->[:react-native-firebase_messaging] AndroidManifest.xml:27:13-36
90            android:permission="com.google.android.c2dm.permission.SEND" >
90-->[:react-native-firebase_messaging] AndroidManifest.xml:28:13-73
91            <intent-filter>
91-->[:react-native-firebase_messaging] AndroidManifest.xml:29:13-31:29
92                <action android:name="com.google.android.c2dm.intent.RECEIVE" />
92-->[:react-native-firebase_messaging] AndroidManifest.xml:30:17-81
92-->[:react-native-firebase_messaging] AndroidManifest.xml:30:25-78
93            </intent-filter>
94        </receiver>
95
96        <meta-data
96-->[:react-native-firebase_messaging] AndroidManifest.xml:34:9-36:36
97            android:name="firebase_messaging_auto_init_enabled"
97-->[:react-native-firebase_messaging] AndroidManifest.xml:35:13-64
98            android:value="true" />
98-->[:react-native-firebase_messaging] AndroidManifest.xml:36:13-33
99        <meta-data
99-->[:react-native-firebase_messaging] AndroidManifest.xml:37:9-39:32
100            android:name="com.google.firebase.messaging.default_notification_channel_id"
100-->[:react-native-firebase_messaging] AndroidManifest.xml:38:13-89
101            android:value="" />
101-->[:react-native-firebase_messaging] AndroidManifest.xml:39:13-29
102        <meta-data
102-->[:react-native-firebase_messaging] AndroidManifest.xml:40:9-42:47
103            android:name="com.google.firebase.messaging.default_notification_color"
103-->[:react-native-firebase_messaging] AndroidManifest.xml:41:13-84
104            android:resource="@color/white" />
104-->[:react-native-firebase_messaging] AndroidManifest.xml:42:13-44
105        <meta-data
105-->[:react-native-firebase_app] AndroidManifest.xml:11:9-13:36
106            android:name="app_data_collection_default_enabled"
106-->[:react-native-firebase_app] AndroidManifest.xml:12:13-63
107            android:value="true" />
107-->[:react-native-firebase_app] AndroidManifest.xml:13:13-33
108
109        <service
109-->[:react-native-firebase_app] AndroidManifest.xml:15:9-23:19
110            android:name="com.google.firebase.components.ComponentDiscoveryService"
110-->[:react-native-firebase_app] AndroidManifest.xml:16:13-84
111            android:directBootAware="true"
111-->[:react-native-firebase_app] AndroidManifest.xml:17:13-43
112            android:exported="false" >
112-->[:react-native-firebase_app] AndroidManifest.xml:18:13-37
113            <meta-data
113-->[:react-native-firebase_app] AndroidManifest.xml:20:13-22:85
114                android:name="com.google.firebase.components:io.invertase.firebase.app.ReactNativeFirebaseAppRegistrar"
114-->[:react-native-firebase_app] AndroidManifest.xml:21:17-120
115                android:value="com.google.firebase.components.ComponentRegistrar" />
115-->[:react-native-firebase_app] AndroidManifest.xml:22:17-82
116            <meta-data
116-->[com.google.firebase:firebase-messaging:23.0.8] AndroidManifest.xml:56:13-58:85
117                android:name="com.google.firebase.components:com.google.firebase.messaging.FirebaseMessagingRegistrar"
117-->[com.google.firebase:firebase-messaging:23.0.8] AndroidManifest.xml:57:17-119
118                android:value="com.google.firebase.components.ComponentRegistrar" />
118-->[com.google.firebase:firebase-messaging:23.0.8] AndroidManifest.xml:58:17-82
119            <meta-data
119-->[com.google.android.gms:play-services-measurement-api:21.1.1] AndroidManifest.xml:31:13-33:85
120                android:name="com.google.firebase.components:com.google.firebase.analytics.connector.internal.AnalyticsConnectorRegistrar"
120-->[com.google.android.gms:play-services-measurement-api:21.1.1] AndroidManifest.xml:32:17-139
121                android:value="com.google.firebase.components.ComponentRegistrar" />
121-->[com.google.android.gms:play-services-measurement-api:21.1.1] AndroidManifest.xml:33:17-82
122            <meta-data
122-->[com.google.firebase:firebase-datatransport:18.1.6] AndroidManifest.xml:28:13-30:85
123                android:name="com.google.firebase.components:com.google.firebase.datatransport.TransportRegistrar"
123-->[com.google.firebase:firebase-datatransport:18.1.6] AndroidManifest.xml:29:17-115
124                android:value="com.google.firebase.components.ComponentRegistrar" />
124-->[com.google.firebase:firebase-datatransport:18.1.6] AndroidManifest.xml:30:17-82
125            <meta-data
125-->[com.google.firebase:firebase-installations:17.0.3] AndroidManifest.xml:18:13-20:85
126                android:name="com.google.firebase.components:com.google.firebase.installations.FirebaseInstallationsRegistrar"
126-->[com.google.firebase:firebase-installations:17.0.3] AndroidManifest.xml:19:17-127
127                android:value="com.google.firebase.components.ComponentRegistrar" />
127-->[com.google.firebase:firebase-installations:17.0.3] AndroidManifest.xml:20:17-82
128        </service>
129
130        <provider
130-->[:react-native-firebase_app] AndroidManifest.xml:25:9-29:38
131            android:name="io.invertase.firebase.app.ReactNativeFirebaseAppInitProvider"
131-->[:react-native-firebase_app] AndroidManifest.xml:26:13-88
132            android:authorities="com.bcae_app.reactnativefirebaseappinitprovider"
132-->[:react-native-firebase_app] AndroidManifest.xml:27:13-86
133            android:exported="false"
133-->[:react-native-firebase_app] AndroidManifest.xml:28:13-37
134            android:initOrder="99" />
134-->[:react-native-firebase_app] AndroidManifest.xml:29:13-35
135        <provider
135-->[:react-native-file-viewer] AndroidManifest.xml:10:9-18:20
136            android:name="com.vinzscam.reactnativefileviewer.FileProvider"
136-->[:react-native-file-viewer] AndroidManifest.xml:11:13-75
137            android:authorities="com.bcae_app.provider"
137-->[:react-native-file-viewer] AndroidManifest.xml:12:13-60
138            android:exported="false"
138-->[:react-native-file-viewer] AndroidManifest.xml:13:13-37
139            android:grantUriPermissions="true" >
139-->[:react-native-file-viewer] AndroidManifest.xml:14:13-47
140            <meta-data
140-->[:react-native-file-viewer] AndroidManifest.xml:15:13-17:70
141                android:name="android.support.FILE_PROVIDER_PATHS"
141-->[:react-native-file-viewer] AndroidManifest.xml:16:17-67
142                android:resource="@xml/file_viewer_provider_paths" />
142-->[:react-native-file-viewer] AndroidManifest.xml:17:17-67
143        </provider>
144        <provider
144-->[:react-native-image-picker] AndroidManifest.xml:10:9-18:20
145            android:name="com.imagepicker.ImagePickerProvider"
145-->[:react-native-image-picker] AndroidManifest.xml:11:13-63
146            android:authorities="com.bcae_app.imagepickerprovider"
146-->[:react-native-image-picker] AndroidManifest.xml:12:13-71
147            android:exported="false"
147-->[:react-native-image-picker] AndroidManifest.xml:13:13-37
148            android:grantUriPermissions="true" >
148-->[:react-native-image-picker] AndroidManifest.xml:14:13-47
149            <meta-data
149-->[:react-native-file-viewer] AndroidManifest.xml:15:13-17:70
150                android:name="android.support.FILE_PROVIDER_PATHS"
150-->[:react-native-file-viewer] AndroidManifest.xml:16:17-67
151                android:resource="@xml/imagepicker_provider_paths" />
151-->[:react-native-file-viewer] AndroidManifest.xml:17:17-67
152        </provider>
153        <provider
153-->[:react-native-share] AndroidManifest.xml:10:9-18:20
154            android:name="cl.json.RNShareFileProvider"
154-->[:react-native-share] AndroidManifest.xml:11:13-55
155            android:authorities="com.bcae_app.rnshare.fileprovider"
155-->[:react-native-share] AndroidManifest.xml:12:13-72
156            android:exported="false"
156-->[:react-native-share] AndroidManifest.xml:13:13-37
157            android:grantUriPermissions="true" >
157-->[:react-native-share] AndroidManifest.xml:14:13-47
158            <meta-data
158-->[:react-native-file-viewer] AndroidManifest.xml:15:13-17:70
159                android:name="android.support.FILE_PROVIDER_PATHS"
159-->[:react-native-file-viewer] AndroidManifest.xml:16:17-67
160                android:resource="@xml/share_download_paths" />
160-->[:react-native-file-viewer] AndroidManifest.xml:17:17-67
161        </provider>
162        <provider
162-->[:react-native-webview] AndroidManifest.xml:10:9-18:20
163            android:name="com.reactnativecommunity.webview.RNCWebViewFileProvider"
163-->[:react-native-webview] AndroidManifest.xml:11:13-83
164            android:authorities="com.bcae_app.fileprovider"
164-->[:react-native-webview] AndroidManifest.xml:12:13-64
165            android:exported="false"
165-->[:react-native-webview] AndroidManifest.xml:13:13-37
166            android:grantUriPermissions="true" >
166-->[:react-native-webview] AndroidManifest.xml:14:13-47
167            <meta-data
167-->[:react-native-file-viewer] AndroidManifest.xml:15:13-17:70
168                android:name="android.support.FILE_PROVIDER_PATHS"
168-->[:react-native-file-viewer] AndroidManifest.xml:16:17-67
169                android:resource="@xml/file_provider_paths" />
169-->[:react-native-file-viewer] AndroidManifest.xml:17:17-67
170        </provider>
171        <provider
171-->[:rn-fetch-blob] AndroidManifest.xml:34:9-42:20
172            android:name="com.RNFetchBlob.Utils.FileProvider"
172-->[:rn-fetch-blob] AndroidManifest.xml:35:13-62
173            android:authorities="com.bcae_app.provider"
173-->[:rn-fetch-blob] AndroidManifest.xml:36:13-60
174            android:exported="false"
174-->[:rn-fetch-blob] AndroidManifest.xml:37:13-37
175            android:grantUriPermissions="true" >
175-->[:rn-fetch-blob] AndroidManifest.xml:38:13-47
176            <meta-data
176-->[:react-native-file-viewer] AndroidManifest.xml:15:13-17:70
177                android:name="android.support.FILE_PROVIDER_PATHS"
177-->[:react-native-file-viewer] AndroidManifest.xml:16:17-67
178                android:resource="@xml/provider_paths" />
178-->[:react-native-file-viewer] AndroidManifest.xml:17:17-67
179        </provider>
180        <provider
180-->[androidx.work:work-runtime:2.7.1] AndroidManifest.xml:31:9-39:20
181            android:name="androidx.startup.InitializationProvider"
181-->[androidx.work:work-runtime:2.7.1] AndroidManifest.xml:32:13-67
182            android:authorities="com.bcae_app.androidx-startup"
182-->[androidx.work:work-runtime:2.7.1] AndroidManifest.xml:33:13-68
183            android:exported="false" >
183-->[androidx.work:work-runtime:2.7.1] AndroidManifest.xml:34:13-37
184            <meta-data
184-->[androidx.work:work-runtime:2.7.1] AndroidManifest.xml:36:13-38:52
185                android:name="androidx.work.WorkManagerInitializer"
185-->[androidx.work:work-runtime:2.7.1] AndroidManifest.xml:37:17-68
186                android:value="androidx.startup" />
186-->[androidx.work:work-runtime:2.7.1] AndroidManifest.xml:38:17-49
187            <meta-data
187-->[androidx.emoji2:emoji2:1.0.0] AndroidManifest.xml:31:13-33:52
188                android:name="androidx.emoji2.text.EmojiCompatInitializer"
188-->[androidx.emoji2:emoji2:1.0.0] AndroidManifest.xml:32:17-75
189                android:value="androidx.startup" />
189-->[androidx.emoji2:emoji2:1.0.0] AndroidManifest.xml:33:17-49
190            <meta-data
190-->[androidx.lifecycle:lifecycle-process:2.4.0] AndroidManifest.xml:31:13-33:52
191                android:name="androidx.lifecycle.ProcessLifecycleInitializer"
191-->[androidx.lifecycle:lifecycle-process:2.4.0] AndroidManifest.xml:32:17-78
192                android:value="androidx.startup" />
192-->[androidx.lifecycle:lifecycle-process:2.4.0] AndroidManifest.xml:33:17-49
193        </provider>
194
195        <service
195-->[androidx.work:work-runtime:2.7.1] AndroidManifest.xml:41:9-46:35
196            android:name="androidx.work.impl.background.systemalarm.SystemAlarmService"
196-->[androidx.work:work-runtime:2.7.1] AndroidManifest.xml:42:13-88
197            android:directBootAware="false"
197-->[androidx.work:work-runtime:2.7.1] AndroidManifest.xml:43:13-44
198            android:enabled="@bool/enable_system_alarm_service_default"
198-->[androidx.work:work-runtime:2.7.1] AndroidManifest.xml:44:13-72
199            android:exported="false" />
199-->[androidx.work:work-runtime:2.7.1] AndroidManifest.xml:45:13-37
200        <service
200-->[androidx.work:work-runtime:2.7.1] AndroidManifest.xml:47:9-53:35
201            android:name="androidx.work.impl.background.systemjob.SystemJobService"
201-->[androidx.work:work-runtime:2.7.1] AndroidManifest.xml:48:13-84
202            android:directBootAware="false"
202-->[androidx.work:work-runtime:2.7.1] AndroidManifest.xml:49:13-44
203            android:enabled="@bool/enable_system_job_service_default"
203-->[androidx.work:work-runtime:2.7.1] AndroidManifest.xml:50:13-70
204            android:exported="true"
204-->[androidx.work:work-runtime:2.7.1] AndroidManifest.xml:51:13-36
205            android:permission="android.permission.BIND_JOB_SERVICE" />
205-->[androidx.work:work-runtime:2.7.1] AndroidManifest.xml:52:13-69
206        <service
206-->[androidx.work:work-runtime:2.7.1] AndroidManifest.xml:54:9-59:35
207            android:name="androidx.work.impl.foreground.SystemForegroundService"
207-->[androidx.work:work-runtime:2.7.1] AndroidManifest.xml:55:13-81
208            android:directBootAware="false"
208-->[androidx.work:work-runtime:2.7.1] AndroidManifest.xml:56:13-44
209            android:enabled="@bool/enable_system_foreground_service_default"
209-->[androidx.work:work-runtime:2.7.1] AndroidManifest.xml:57:13-77
210            android:exported="false" />
210-->[androidx.work:work-runtime:2.7.1] AndroidManifest.xml:58:13-37
211
212        <receiver
212-->[androidx.work:work-runtime:2.7.1] AndroidManifest.xml:61:9-66:35
213            android:name="androidx.work.impl.utils.ForceStopRunnable$BroadcastReceiver"
213-->[androidx.work:work-runtime:2.7.1] AndroidManifest.xml:62:13-88
214            android:directBootAware="false"
214-->[androidx.work:work-runtime:2.7.1] AndroidManifest.xml:63:13-44
215            android:enabled="true"
215-->[androidx.work:work-runtime:2.7.1] AndroidManifest.xml:64:13-35
216            android:exported="false" />
216-->[androidx.work:work-runtime:2.7.1] AndroidManifest.xml:65:13-37
217        <receiver
217-->[androidx.work:work-runtime:2.7.1] AndroidManifest.xml:67:9-77:20
218            android:name="androidx.work.impl.background.systemalarm.ConstraintProxy$BatteryChargingProxy"
218-->[androidx.work:work-runtime:2.7.1] AndroidManifest.xml:68:13-106
219            android:directBootAware="false"
219-->[androidx.work:work-runtime:2.7.1] AndroidManifest.xml:69:13-44
220            android:enabled="false"
220-->[androidx.work:work-runtime:2.7.1] AndroidManifest.xml:70:13-36
221            android:exported="false" >
221-->[androidx.work:work-runtime:2.7.1] AndroidManifest.xml:71:13-37
222            <intent-filter>
222-->[androidx.work:work-runtime:2.7.1] AndroidManifest.xml:73:13-76:29
223                <action android:name="android.intent.action.ACTION_POWER_CONNECTED" />
223-->[androidx.work:work-runtime:2.7.1] AndroidManifest.xml:74:17-87
223-->[androidx.work:work-runtime:2.7.1] AndroidManifest.xml:74:25-84
224                <action android:name="android.intent.action.ACTION_POWER_DISCONNECTED" />
224-->[androidx.work:work-runtime:2.7.1] AndroidManifest.xml:75:17-90
224-->[androidx.work:work-runtime:2.7.1] AndroidManifest.xml:75:25-87
225            </intent-filter>
226        </receiver>
227        <receiver
227-->[androidx.work:work-runtime:2.7.1] AndroidManifest.xml:78:9-88:20
228            android:name="androidx.work.impl.background.systemalarm.ConstraintProxy$BatteryNotLowProxy"
228-->[androidx.work:work-runtime:2.7.1] AndroidManifest.xml:79:13-104
229            android:directBootAware="false"
229-->[androidx.work:work-runtime:2.7.1] AndroidManifest.xml:80:13-44
230            android:enabled="false"
230-->[androidx.work:work-runtime:2.7.1] AndroidManifest.xml:81:13-36
231            android:exported="false" >
231-->[androidx.work:work-runtime:2.7.1] AndroidManifest.xml:82:13-37
232            <intent-filter>
232-->[androidx.work:work-runtime:2.7.1] AndroidManifest.xml:84:13-87:29
233                <action android:name="android.intent.action.BATTERY_OKAY" />
233-->[androidx.work:work-runtime:2.7.1] AndroidManifest.xml:85:17-77
233-->[androidx.work:work-runtime:2.7.1] AndroidManifest.xml:85:25-74
234                <action android:name="android.intent.action.BATTERY_LOW" />
234-->[androidx.work:work-runtime:2.7.1] AndroidManifest.xml:86:17-76
234-->[androidx.work:work-runtime:2.7.1] AndroidManifest.xml:86:25-73
235            </intent-filter>
236        </receiver>
237        <receiver
237-->[androidx.work:work-runtime:2.7.1] AndroidManifest.xml:89:9-99:20
238            android:name="androidx.work.impl.background.systemalarm.ConstraintProxy$StorageNotLowProxy"
238-->[androidx.work:work-runtime:2.7.1] AndroidManifest.xml:90:13-104
239            android:directBootAware="false"
239-->[androidx.work:work-runtime:2.7.1] AndroidManifest.xml:91:13-44
240            android:enabled="false"
240-->[androidx.work:work-runtime:2.7.1] AndroidManifest.xml:92:13-36
241            android:exported="false" >
241-->[androidx.work:work-runtime:2.7.1] AndroidManifest.xml:93:13-37
242            <intent-filter>
242-->[androidx.work:work-runtime:2.7.1] AndroidManifest.xml:95:13-98:29
243                <action android:name="android.intent.action.DEVICE_STORAGE_LOW" />
243-->[androidx.work:work-runtime:2.7.1] AndroidManifest.xml:96:17-83
243-->[androidx.work:work-runtime:2.7.1] AndroidManifest.xml:96:25-80
244                <action android:name="android.intent.action.DEVICE_STORAGE_OK" />
244-->[androidx.work:work-runtime:2.7.1] AndroidManifest.xml:97:17-82
244-->[androidx.work:work-runtime:2.7.1] AndroidManifest.xml:97:25-79
245            </intent-filter>
246        </receiver>
247        <receiver
247-->[androidx.work:work-runtime:2.7.1] AndroidManifest.xml:100:9-109:20
248            android:name="androidx.work.impl.background.systemalarm.ConstraintProxy$NetworkStateProxy"
248-->[androidx.work:work-runtime:2.7.1] AndroidManifest.xml:101:13-103
249            android:directBootAware="false"
249-->[androidx.work:work-runtime:2.7.1] AndroidManifest.xml:102:13-44
250            android:enabled="false"
250-->[androidx.work:work-runtime:2.7.1] AndroidManifest.xml:103:13-36
251            android:exported="false" >
251-->[androidx.work:work-runtime:2.7.1] AndroidManifest.xml:104:13-37
252            <intent-filter>
252-->[androidx.work:work-runtime:2.7.1] AndroidManifest.xml:106:13-108:29
253                <action android:name="android.net.conn.CONNECTIVITY_CHANGE" />
253-->[androidx.work:work-runtime:2.7.1] AndroidManifest.xml:107:17-79
253-->[androidx.work:work-runtime:2.7.1] AndroidManifest.xml:107:25-76
254            </intent-filter>
255        </receiver>
256        <receiver
256-->[androidx.work:work-runtime:2.7.1] AndroidManifest.xml:110:9-121:20
257            android:name="androidx.work.impl.background.systemalarm.RescheduleReceiver"
257-->[androidx.work:work-runtime:2.7.1] AndroidManifest.xml:111:13-88
258            android:directBootAware="false"
258-->[androidx.work:work-runtime:2.7.1] AndroidManifest.xml:112:13-44
259            android:enabled="false"
259-->[androidx.work:work-runtime:2.7.1] AndroidManifest.xml:113:13-36
260            android:exported="false" >
260-->[androidx.work:work-runtime:2.7.1] AndroidManifest.xml:114:13-37
261            <intent-filter>
261-->[androidx.work:work-runtime:2.7.1] AndroidManifest.xml:116:13-120:29
262                <action android:name="android.intent.action.BOOT_COMPLETED" />
262-->[androidx.work:work-runtime:2.7.1] AndroidManifest.xml:117:17-79
262-->[androidx.work:work-runtime:2.7.1] AndroidManifest.xml:117:25-76
263                <action android:name="android.intent.action.TIME_SET" />
263-->[androidx.work:work-runtime:2.7.1] AndroidManifest.xml:118:17-73
263-->[androidx.work:work-runtime:2.7.1] AndroidManifest.xml:118:25-70
264                <action android:name="android.intent.action.TIMEZONE_CHANGED" />
264-->[androidx.work:work-runtime:2.7.1] AndroidManifest.xml:119:17-81
264-->[androidx.work:work-runtime:2.7.1] AndroidManifest.xml:119:25-78
265            </intent-filter>
266        </receiver>
267        <receiver
267-->[androidx.work:work-runtime:2.7.1] AndroidManifest.xml:122:9-131:20
268            android:name="androidx.work.impl.background.systemalarm.ConstraintProxyUpdateReceiver"
268-->[androidx.work:work-runtime:2.7.1] AndroidManifest.xml:123:13-99
269            android:directBootAware="false"
269-->[androidx.work:work-runtime:2.7.1] AndroidManifest.xml:124:13-44
270            android:enabled="@bool/enable_system_alarm_service_default"
270-->[androidx.work:work-runtime:2.7.1] AndroidManifest.xml:125:13-72
271            android:exported="false" >
271-->[androidx.work:work-runtime:2.7.1] AndroidManifest.xml:126:13-37